<?xml version="1.0" encoding="UTF-8"?>
<testng-results skipped="0" failed="0" ignored="0" total="2" passed="2">
  <reporter-output>
  </reporter-output>
  <suite name="Suite" duration-ms="72570" started-at="2022-12-08T22:47:32 IST" finished-at="2022-12-08T22:48:44 IST">
    <groups>
    </groups>
    <test name="Test" duration-ms="38499" started-at="2022-12-08T22:47:32 IST" finished-at="2022-12-08T22:48:10 IST">
      <class name="nopComm.LoginTest">
        <test-method status="PASS" signature="launchApp(java.lang.String)[pri:0, instance:nopComm.LoginTest@6dde5c8c]" name="launchApp" is-config="true" duration-ms="9813" started-at="2022-12-08T22:47:32 IST" finished-at="2022-12-08T22:47:42 IST">
          <params>
            <param index="0">
              <value>
                <![CDATA[chrome]]>
              </value>
            </param>
          </params>
          <reporter-output>
          </reporter-output>
        </test-method> <!-- launchApp -->
        <test-method status="PASS" signature="verifyLogin()[pri:0, instance:nopComm.LoginTest@6dde5c8c]" name="verifyLogin" duration-ms="23372" started-at="2022-12-08T22:47:42 IST" finished-at="2022-12-08T22:48:05 IST">
          <reporter-output>
          </reporter-output>
        </test-method> <!-- verifyLogin -->
        <test-method status="PASS" signature="closeApp()[pri:0, instance:nopComm.LoginTest@6dde5c8c]" name="closeApp" is-config="true" duration-ms="5219" started-at="2022-12-08T22:48:05 IST" finished-at="2022-12-08T22:48:10 IST">
          <reporter-output>
          </reporter-output>
        </test-method> <!-- closeApp -->
      </class> <!-- nopComm.LoginTest -->
    </test> <!-- Test -->
    <test name="EdgeTest" duration-ms="34031" started-at="2022-12-08T22:48:10 IST" finished-at="2022-12-08T22:48:44 IST">
      <class name="nopComm.LoginTest">
        <test-method status="PASS" signature="launchApp(java.lang.String)[pri:0, instance:nopComm.LoginTest@48a242ce]" name="launchApp" is-config="true" duration-ms="5744" started-at="2022-12-08T22:48:10 IST" finished-at="2022-12-08T22:48:16 IST">
          <params>
            <param index="0">
              <value>
                <![CDATA[edge]]>
              </value>
            </param>
          </params>
          <reporter-output>
          </reporter-output>
        </test-method> <!-- launchApp -->
        <test-method status="PASS" signature="verifyLogin()[pri:0, instance:nopComm.LoginTest@48a242ce]" name="verifyLogin" duration-ms="22995" started-at="2022-12-08T22:48:16 IST" finished-at="2022-12-08T22:48:39 IST">
          <reporter-output>
          </reporter-output>
        </test-method> <!-- verifyLogin -->
        <test-method status="PASS" signature="closeApp()[pri:0, instance:nopComm.LoginTest@48a242ce]" name="closeApp" is-config="true" duration-ms="5290" started-at="2022-12-08T22:48:39 IST" finished-at="2022-12-08T22:48:44 IST">
          <reporter-output>
          </reporter-output>
        </test-method> <!-- closeApp -->
      </class> <!-- nopComm.LoginTest -->
    </test> <!-- EdgeTest -->
  </suite> <!-- Suite -->
</testng-results>
