<?xml version="1.0" encoding="UTF-8"?>
<testng-results skipped="0" failed="0" ignored="0" total="1" passed="1">
  <reporter-output>
  </reporter-output>
  <suite name="Default suite" duration-ms="31519" started-at="2022-12-10T17:05:42 IST" finished-at="2022-12-10T17:06:14 IST">
    <groups>
    </groups>
    <test name="Default test" duration-ms="31519" started-at="2022-12-10T17:05:42 IST" finished-at="2022-12-10T17:06:14 IST">
      <class name="actionExample.AmazonTest">
        <test-method status="PASS" signature="launchApp()[pri:0, instance:actionExample.AmazonTest@4df828d7]" name="launchApp" is-config="true" duration-ms="8544" started-at="2022-12-10T17:05:42 IST" finished-at="2022-12-10T17:05:51 IST">
          <reporter-output>
          </reporter-output>
        </test-method> <!-- launchApp -->
        <test-method status="PASS" signature="verifyWishList()[pri:0, instance:actionExample.AmazonTest@4df828d7]" name="verifyWishList" duration-ms="1738" started-at="2022-12-10T17:05:51 IST" finished-at="2022-12-10T17:05:53 IST">
          <reporter-output>
          </reporter-output>
        </test-method> <!-- verifyWishList -->
        <test-method status="PASS" signature="closeApp()[pri:0, instance:actionExample.AmazonTest@4df828d7]" name="closeApp" is-config="true" duration-ms="21172" started-at="2022-12-10T17:05:53 IST" finished-at="2022-12-10T17:06:14 IST">
          <reporter-output>
          </reporter-output>
        </test-method> <!-- closeApp -->
      </class> <!-- actionExample.AmazonTest -->
    </test> <!-- Default test -->
  </suite> <!-- Default suite -->
</testng-results>
